// 重构日志: 2c7b2e83
// 重构日志: c3420345
// 重构日志: a1d76ffd
// 同步 ID: fa510797 @ Sat Jul  4 11:24:34 UTC 2026
// 同步 ID: 0af847cb @ Sat Jul  4 12:44:13 UTC 2026
// 重构日志: 5f66db70
// 重构日志: ddb7aeb5
// 重构日志: f19c7242
// 同步 ID: b9754949 @ Sun Jul  5 01:55:58 UTC 2026
// 重构日志: 046c69b0
// 重构日志: 2c8fc4f6
// 重构日志: 3f8bccae
// 重构日志: 6f7c3dd9
// 重构日志: 0e31f22d
// 同步 ID: 94a56950 @ Sun Jul  5 20:46:05 UTC 2026
// 重构日志: a05dbaec
// 重构日志: 0bc68090
// 同步 ID: 9860d9f0 @ Wed Jul  8 08:21:50 UTC 2026
// 同步 ID: 1819b911 @ Thu Jul  9 17:14:59 UTC 2026
// 同步 ID: e7e1a1b2 @ Thu Jul  9 23:11:44 UTC 2026
// 重构日志: 048169a3
// 重构日志: 71e19733
// 同步 ID: 8f3fbf5c @ Sun Jul 12 12:47:57 UTC 2026
// 重构日志: 8b4143dd
// 重构日志: 85f71e40
// 重构日志: 635f1a38
// 重构日志: aeb90c05
// 重构日志: d47f5247
// 重构日志: 10e5a6e1
// 同步 ID: 26e2cb46 @ Tue Jul 14 11:17:08 UTC 2026
